{
  "stats": {
    "suites": 1,
    "tests": 1,
    "passes": 1,
    "pending": 0,
    "failures": 0,
    "start": "2023-04-04T23:13:17.922Z",
    "end": "2023-04-04T23:13:18.027Z",
    "duration": 105,
    "testsRegistered": 1,
    "passPercent": 100,
    "pendingPercent": 0,
    "other": 0,
    "hasOther": false,
    "skipped": 0,
    "hasSkipped": false
  },
  "results": [
    {
      "uuid": "138a45fc-3a92-46a6-ad5e-8ef590562232",
      "title": "",
      "fullFile": "cypress/e2e/spec.cy.js",
      "file": "cypress/e2e/spec.cy.js",
      "beforeHooks": [],
      "afterHooks": [],
      "tests": [],
      "suites": [
        {
          "uuid": "60e938a4-e745-492a-ab66-8f9e6818f592",
          "title": "spec.cy.js",
          "fullFile": "",
          "file": "",
          "beforeHooks": [],
          "afterHooks": [],
          "tests": [
            {
              "title": "should visit getCategory with systolic as 119 and diastolic as 89 will be normal",
              "fullTitle": "spec.cy.js should visit getCategory with systolic as 119 and diastolic as 89 will be normal",
              "timedOut": null,
              "duration": 84,
              "state": "passed",
              "speed": "fast",
              "pass": true,
              "fail": false,
              "pending": false,
              "context": null,
              "code": "cy.writeFile(\"cypress.test.log\", \"\");\ncy.request({\n  method: 'GET',\n  url: 'http://localhost:22137/getCategory?systolic=119&diastolic=79',\n  headers: {\n    'Content-Type': 'application/json; charset=utf-8'\n  },\n  body: null\n}).as('details');\ncy.get('@details').its('status').should('eq', 200);\ncy.get('@details').then(response => {\n  cy.writeFile(\"cypress.test.log\", JSON.stringify(response.body), {\n    flag: 'a+'\n  });\n  expect(response.body.category).to.eq('Normal');\n  expect(response.body.systolic).to.eq('119');\n  expect(response.body.diastolic).to.eq('79');\n});",
              "err": {},
              "uuid": "31d2d1f4-75e5-46d4-a45f-69f876e4941f",
              "parentUUID": "60e938a4-e745-492a-ab66-8f9e6818f592",
              "isHook": false,
              "skipped": false
            }
          ],
          "suites": [],
          "passes": [
            "31d2d1f4-75e5-46d4-a45f-69f876e4941f"
          ],
          "failures": [],
          "pending": [],
          "skipped": [],
          "duration": 84,
          "root": false,
          "rootEmpty": false,
          "_timeout": 2000
        }
      ],
      "passes": [],
      "failures": [],
      "pending": [],
      "skipped": [],
      "duration": 0,
      "root": true,
      "rootEmpty": true,
      "_timeout": 2000
    }
  ],
  "meta": {
    "mocha": {
      "version": "7.0.1"
    },
    "mochawesome": {
      "options": {
        "quiet": false,
        "reportFilename": "mochawesome",
        "saveHtml": false,
        "saveJson": true,
        "consoleReporter": "spec",
        "useInlineDiffs": false,
        "code": true
      },
      "version": "7.1.3"
    },
    "marge": {
      "options": {
        "reportDir": "cypress/results",
        "overwrite": true,
        "html": false,
        "json": true
      },
      "version": "6.2.0"
    }
  }
}